# JRE version: OpenJDK Runtime Environment (8.0_141-b16) (build 1.8.0_141-b16)
# Java VM: OpenJDK 64-Bit Server VM (25.141-b16 mixed mode linux-amd64 compressed oops)
Heap:
 def new generation   total 17984K, used 1871K [0x00000000f0600000, 0x00000000f1980000, 0x00000000f5950000)
  eden space 16000K,   2% used [0x00000000f0600000, 0x00000000f0651fe8, 0x00000000f15a0000)
  from space 1984K,  77% used [0x00000000f15a0000, 0x00000000f1721c70, 0x00000000f1790000)
  to   space 1984K,   0% used [0x00000000f1790000, 0x00000000f1790000, 0x00000000f1980000)
 tenured generation   total 39828K, used 37633K [0x00000000f5950000, 0x00000000f8035000, 0x0000000100000000)
   the space 39828K,  94% used [0x00000000f5950000, 0x00000000f7e10600, 0x00000000f7e10600, 0x00000000f8035000)
 Metaspace       used 24966K, capacity 25464K, committed 25600K, reserved 1073152K
  class space    used 2636K, capacity 2778K, committed 2816K, reserved 1048576K
GC Heap History (10 events):
Event: 8.852 GC heap before
{Heap before GC invocations=54 (full 3):
 def new generation   total 17984K, used 16456K [0x00000000f0600000, 0x00000000f1980000, 0x00000000f5950000)
  eden space 16000K, 100% used [0x00000000f0600000, 0x00000000f15a0000, 0x00000000f15a0000)
  from space 1984K,  23% used [0x00000000f1790000, 0x00000000f1802330, 0x00000000f1980000)
  to   space 1984K,   0% used [0x00000000f15a0000, 0x00000000f15a0000, 0x00000000f1790000)
 tenured generation   total 39828K, used 29592K [0x00000000f5950000, 0x00000000f8035000, 0x0000000100000000)
   the space 39828K,  74% used [0x00000000f5950000, 0x00000000f7636308, 0x00000000f7636400, 0x00000000f8035000)
 Metaspace       used 24297K, capacity 24786K, committed 25088K, reserved 1071104K
  class space    used 2590K, capacity 2745K, committed 2816K, reserved 1048576K
Event: 8.857 GC heap after
Heap after GC invocations=55 (full 3):
 def new generation   total 17984K, used 741K [0x00000000f0600000, 0x00000000f1980000, 0x00000000f5950000)
  eden space 16000K,   0% used [0x00000000f0600000, 0x00000000f0600000, 0x00000000f15a0000)
  from space 1984K,  37% used [0x00000000f15a0000, 0x00000000f16595c8, 0x00000000f1790000)
  to   space 1984K,   0% used [0x00000000f1790000, 0x00000000f1790000, 0x00000000f1980000)
 tenured generation   total 39828K, used 29592K [0x00000000f5950000, 0x00000000f8035000, 0x0000000100000000)
   the space 39828K,  74% used [0x00000000f5950000, 0x00000000f7636308, 0x00000000f7636400, 0x00000000f8035000)
 Metaspace       used 24297K, capacity 24786K, committed 25088K, reserved 1071104K
  class space    used 2590K, capacity 2745K, committed 2816K, reserved 1048576K
}
Event: 9.314 GC heap before
{Heap before GC invocations=55 (full 3):
 def new generation   total 17984K, used 16741K [0x00000000f0600000, 0x00000000f1980000, 0x00000000f5950000)
  eden space 16000K, 100% used [0x00000000f0600000, 0x00000000f15a0000, 0x00000000f15a0000)
  from space 1984K,  37% used [0x00000000f15a0000, 0x00000000f16595c8, 0x00000000f1790000)
  to   space 1984K,   0% used [0x00000000f1790000, 0x00000000f1790000, 0x00000000f1980000)
 tenured generation   total 39828K, used 29592K [0x00000000f5950000, 0x00000000f8035000, 0x0000000100000000)
   the space 39828K,  74% used [0x00000000f5950000, 0x00000000f7636308, 0x00000000f7636400, 0x00000000f8035000)
 Metaspace       used 24661K, capacity 25138K, committed 25344K, reserved 1071104K
  class space    used 2617K, capacity 2777K, committed 2816K, reserved 1048576K
Event: 9.321 GC heap after
Heap after GC invocations=56 (full 3):
 def new generation   total 17984K, used 1555K [0x00000000f0600000, 0x00000000f1980000, 0x00000000f5950000)
  eden space 16000K,   0% used [0x00000000f0600000, 0x00000000f0600000, 0x00000000f15a0000)
  from space 1984K,  78% used [0x00000000f1790000, 0x00000000f1914cf0, 0x00000000f1980000)
  to   space 1984K,   0% used [0x00000000f15a0000, 0x00000000f15a0000, 0x00000000f1790000)
 tenured generation   total 39828K, used 29592K [0x00000000f5950000, 0x00000000f8035000, 0x0000000100000000)
   the space 39828K,  74% used [0x00000000f5950000, 0x00000000f7636308, 0x00000000f7636400, 0x00000000f8035000)
 Metaspace       used 24661K, capacity 25138K, committed 25344K, reserved 1071104K
  class space    used 2617K, capacity 2777K, committed 2816K, reserved 1048576K
}
Event: 9.895 GC heap before
{Heap before GC invocations=56 (full 3):
 def new generation   total 17984K, used 17555K [0x00000000f0600000, 0x00000000f1980000, 0x00000000f5950000)
  eden space 16000K, 100% used [0x00000000f0600000, 0x00000000f15a0000, 0x00000000f15a0000)
  from space 1984K,  78% used [0x00000000f1790000, 0x00000000f1914cf0, 0x00000000f1980000)
  to   space 1984K,   0% used [0x00000000f15a0000, 0x00000000f15a0000, 0x00000000f1790000)
 tenured generation   total 39828K, used 29592K [0x00000000f5950000, 0x00000000f8035000, 0x0000000100000000)
   the space 39828K,  74% used [0x00000000f5950000, 0x00000000f7636308, 0x00000000f7636400, 0x00000000f8035000)
 Metaspace       used 24810K, capacity 25272K, committed 25344K, reserved 1071104K
  class space    used 2628K, capacity 2778K, committed 2816K, reserved 1048576K
Event: 9.915 GC heap after
Heap after GC invocations=57 (full 3):
 def new generation   total 17984K, used 1984K [0x00000000f0600000, 0x00000000f1980000, 0x00000000f5950000)
  eden space 16000K,   0% used [0x00000000f0600000, 0x00000000f0600000, 0x00000000f15a0000)
  from space 1984K, 100% used [0x00000000f15a0000, 0x00000000f1790000, 0x00000000f1790000)
  to   space 1984K,   0% used [0x00000000f1790000, 0x00000000f1790000, 0x00000000f1980000)
 tenured generation   total 39828K, used 32771K [0x00000000f5950000, 0x00000000f8035000, 0x0000000100000000)
   the space 39828K,  82% used [0x00000000f5950000, 0x00000000f7950d80, 0x00000000f7950e00, 0x00000000f8035000)
 Metaspace       used 24810K, capacity 25272K, committed 25344K, reserved 1071104K
  class space    used 2628K, capacity 2778K, committed 2816K, reserved 1048576K
}
Event: 10.088 GC heap before
{Heap before GC invocations=57 (full 3):
 def new generation   total 17984K, used 17984K [0x00000000f0600000, 0x00000000f1980000, 0x00000000f5950000)
  eden space 16000K, 100% used [0x00000000f0600000, 0x00000000f15a0000, 0x00000000f15a0000)
  from space 1984K, 100% used [0x00000000f15a0000, 0x00000000f1790000, 0x00000000f1790000)
  to   space 1984K,   0% used [0x00000000f1790000, 0x00000000f1790000, 0x00000000f1980000)
 tenured generation   total 39828K, used 32771K [0x00000000f5950000, 0x00000000f8035000, 0x0000000100000000)
   the space 39828K,  82% used [0x00000000f5950000, 0x00000000f7950d80, 0x00000000f7950e00, 0x00000000f8035000)
 Metaspace       used 24852K, capacity 25272K, committed 25344K, reserved 1071104K
  class space    used 2629K, capacity 2778K, committed 2816K, reserved 1048576K
Event: 10.110 GC heap after
Heap after GC invocations=58 (full 3):
 def new generation   total 17984K, used 1983K [0x00000000f0600000, 0x00000000f1980000, 0x00000000f5950000)
  eden space 16000K,   0% used [0x00000000f0600000, 0x00000000f0600000, 0x00000000f15a0000)
  from space 1984K,  99% used [0x00000000f1790000, 0x00000000f197fff8, 0x00000000f1980000)
  to   space 1984K,   0% used [0x00000000f15a0000, 0x00000000f15a0000, 0x00000000f1790000)
 tenured generation   total 39828K, used 35660K [0x00000000f5950000, 0x00000000f8035000, 0x0000000100000000)
   the space 39828K,  89% used [0x00000000f5950000, 0x00000000f7c23180, 0x00000000f7c23200, 0x00000000f8035000)
 Metaspace       used 24852K, capacity 25272K, committed 25344K, reserved 1071104K
  class space    used 2629K, capacity 2778K, committed 2816K, reserved 1048576K
}
Event: 10.436 GC heap before
{Heap before GC invocations=58 (full 3):
 def new generation   total 17984K, used 17983K [0x00000000f0600000, 0x00000000f1980000, 0x00000000f5950000)
  eden space 16000K, 100% used [0x00000000f0600000, 0x00000000f15a0000, 0x00000000f15a0000)
  from space 1984K,  99% used [0x00000000f1790000, 0x00000000f197fff8, 0x00000000f1980000)
  to   space 1984K,   0% used [0x00000000f15a0000, 0x00000000f15a0000, 0x00000000f1790000)
 tenured generation   total 39828K, used 35660K [0x00000000f5950000, 0x00000000f8035000, 0x0000000100000000)
   the space 39828K,  89% used [0x00000000f5950000, 0x00000000f7c23180, 0x00000000f7c23200, 0x00000000f8035000)
 Metaspace       used 24966K, capacity 25464K, committed 25600K, reserved 1073152K
  class space    used 2636K, capacity 2778K, committed 2816K, reserved 1048576K
Event: 10.457 GC heap after
Heap after GC invocations=59 (full 3):
 def new generation   total 17984K, used 1543K [0x00000000f0600000, 0x00000000f1980000, 0x00000000f5950000)
  eden space 16000K,   0% used [0x00000000f0600000, 0x00000000f0600000, 0x00000000f15a0000)
  from space 1984K,  77% used [0x00000000f15a0000, 0x00000000f1721c70, 0x00000000f1790000)
  to   space 1984K,   0% used [0x00000000f1790000, 0x00000000f1790000, 0x00000000f1980000)
 tenured generation   total 39828K, used 37633K [0x00000000f5950000, 0x00000000f8035000, 0x0000000100000000)
   the space 39828K,  94% used [0x00000000f5950000, 0x00000000f7e10600, 0x00000000f7e10600, 0x00000000f8035000)
 Metaspace       used 24966K, capacity 25464K, committed 25600K, reserved 1073152K
  class space    used 2636K, capacity 2778K, committed 2816K, reserved 1048576K
}

