# JRE version: OpenJDK Runtime Environment (8.0_141-b16) (build 1.8.0_141-b16)
# Java VM: OpenJDK 64-Bit Server VM (25.141-b16 mixed mode linux-amd64 compressed oops)
Heap:
 def new generation   total 4928K, used 2384K [0x00000000f0600000, 0x00000000f0b50000, 0x00000000f5950000)
  eden space 4416K,  42% used [0x00000000f0600000, 0x00000000f07d8718, 0x00000000f0a50000)
  from space 512K,  96% used [0x00000000f0ad0000, 0x00000000f0b4ba68, 0x00000000f0b50000)
  to   space 512K,   0% used [0x00000000f0a50000, 0x00000000f0a50000, 0x00000000f0ad0000)
 tenured generation   total 10944K, used 1504K [0x00000000f5950000, 0x00000000f6400000, 0x0000000100000000)
   the space 10944K,  13% used [0x00000000f5950000, 0x00000000f5ac81b0, 0x00000000f5ac8200, 0x00000000f6400000)
 Metaspace       used 6189K, capacity 6294K, committed 6400K, reserved 1056768K
  class space    used 654K, capacity 663K, committed 768K, reserved 1048576K
GC Heap History (6 events):
Event: 0.341 GC heap before
{Heap before GC invocations=0 (full 0):
 def new generation   total 4928K, used 4416K [0x00000000f0600000, 0x00000000f0b50000, 0x00000000f5950000)
  eden space 4416K, 100% used [0x00000000f0600000, 0x00000000f0a50000, 0x00000000f0a50000)
  from space 512K,   0% used [0x00000000f0a50000, 0x00000000f0a50000, 0x00000000f0ad0000)
  to   space 512K,   0% used [0x00000000f0ad0000, 0x00000000f0ad0000, 0x00000000f0b50000)
 tenured generation   total 10944K, used 0K [0x00000000f5950000, 0x00000000f6400000, 0x0000000100000000)
   the space 10944K,   0% used [0x00000000f5950000, 0x00000000f5950000, 0x00000000f5950200, 0x00000000f6400000)
 Metaspace       used 3428K, capacity 4664K, committed 4864K, reserved 1056768K
  class space    used 335K, capacity 424K, committed 512K, reserved 1048576K
Event: 0.347 GC heap after
Heap after GC invocations=1 (full 0):
 def new generation   total 4928K, used 512K [0x00000000f0600000, 0x00000000f0b50000, 0x00000000f5950000)
  eden space 4416K,   0% used [0x00000000f0600000, 0x00000000f0600000, 0x00000000f0a50000)
  from space 512K, 100% used [0x00000000f0ad0000, 0x00000000f0b50000, 0x00000000f0b50000)
  to   space 512K,   0% used [0x00000000f0a50000, 0x00000000f0a50000, 0x00000000f0ad0000)
 tenured generation   total 10944K, used 322K [0x00000000f5950000, 0x00000000f6400000, 0x0000000100000000)
   the space 10944K,   2% used [0x00000000f5950000, 0x00000000f59a0be0, 0x00000000f59a0c00, 0x00000000f6400000)
 Metaspace       used 3428K, capacity 4664K, committed 4864K, reserved 1056768K
  class space    used 335K, capacity 424K, committed 512K, reserved 1048576K
}
Event: 0.718 GC heap before
{Heap before GC invocations=1 (full 0):
 def new generation   total 4928K, used 4928K [0x00000000f0600000, 0x00000000f0b50000, 0x00000000f5950000)
  eden space 4416K, 100% used [0x00000000f0600000, 0x00000000f0a50000, 0x00000000f0a50000)
  from space 512K, 100% used [0x00000000f0ad0000, 0x00000000f0b50000, 0x00000000f0b50000)
  to   space 512K,   0% used [0x00000000f0a50000, 0x00000000f0a50000, 0x00000000f0ad0000)
 tenured generation   total 10944K, used 322K [0x00000000f5950000, 0x00000000f6400000, 0x0000000100000000)
   the space 10944K,   2% used [0x00000000f5950000, 0x00000000f59a0be0, 0x00000000f59a0c00, 0x00000000f6400000)
 Metaspace       used 4505K, capacity 5056K, committed 5120K, reserved 1056768K
  class space    used 455K, capacity 465K, committed 512K, reserved 1048576K
Event: 0.729 GC heap after
Heap after GC invocations=2 (full 0):
 def new generation   total 4928K, used 511K [0x00000000f0600000, 0x00000000f0b50000, 0x00000000f5950000)
  eden space 4416K,   0% used [0x00000000f0600000, 0x00000000f0600000, 0x00000000f0a50000)
  from space 512K,  99% used [0x00000000f0a50000, 0x00000000f0acfff8, 0x00000000f0ad0000)
  to   space 512K,   0% used [0x00000000f0ad0000, 0x00000000f0ad0000, 0x00000000f0b50000)
 tenured generation   total 10944K, used 1088K [0x00000000f5950000, 0x00000000f6400000, 0x0000000100000000)
   the space 10944K,   9% used [0x00000000f5950000, 0x00000000f5a60080, 0x00000000f5a60200, 0x00000000f6400000)
 Metaspace       used 4505K, capacity 5056K, committed 5120K, reserved 1056768K
  class space    used 455K, capacity 465K, committed 512K, reserved 1048576K
}
Event: 0.949 GC heap before
{Heap before GC invocations=2 (full 0):
 def new generation   total 4928K, used 4927K [0x00000000f0600000, 0x00000000f0b50000, 0x00000000f5950000)
  eden space 4416K, 100% used [0x00000000f0600000, 0x00000000f0a50000, 0x00000000f0a50000)
  from space 512K,  99% used [0x00000000f0a50000, 0x00000000f0acfff8, 0x00000000f0ad0000)
  to   space 512K,   0% used [0x00000000f0ad0000, 0x00000000f0ad0000, 0x00000000f0b50000)
 tenured generation   total 10944K, used 1088K [0x00000000f5950000, 0x00000000f6400000, 0x0000000100000000)
   the space 10944K,   9% used [0x00000000f5950000, 0x00000000f5a60080, 0x00000000f5a60200, 0x00000000f6400000)
 Metaspace       used 5089K, capacity 5478K, committed 5760K, reserved 1056768K
  class space    used 541K, capacity 567K, committed 640K, reserved 1048576K
Event: 0.957 GC heap after
Heap after GC invocations=3 (full 0):
 def new generation   total 4928K, used 494K [0x00000000f0600000, 0x00000000f0b50000, 0x00000000f5950000)
  eden space 4416K,   0% used [0x00000000f0600000, 0x00000000f0600000, 0x00000000f0a50000)
  from space 512K,  96% used [0x00000000f0ad0000, 0x00000000f0b4ba68, 0x00000000f0b50000)
  to   space 512K,   0% used [0x00000000f0a50000, 0x00000000f0a50000, 0x00000000f0ad0000)
 tenured generation   total 10944K, used 1504K [0x00000000f5950000, 0x00000000f6400000, 0x0000000100000000)
   the space 10944K,  13% used [0x00000000f5950000, 0x00000000f5ac81b0, 0x00000000f5ac8200, 0x00000000f6400000)
 Metaspace       used 5089K, capacity 5478K, committed 5760K, reserved 1056768K
  class space    used 541K, capacity 567K, committed 640K, reserved 1048576K
}

