# JRE version: OpenJDK Runtime Environment (8.0_141-b16) (build 1.8.0_141-b16)
# Java VM: OpenJDK 64-Bit Server VM (25.141-b16 mixed mode linux-amd64 compressed oops)
Heap:
 def new generation   total 4928K, used 4368K [0x00000000f0600000, 0x00000000f0b50000, 0x00000000f5950000)
  eden space 4416K,  88% used [0x00000000f0600000, 0x00000000f09cc3a0, 0x00000000f0a50000)
  from space 512K,  93% used [0x00000000f0ad0000, 0x00000000f0b48048, 0x00000000f0b50000)
  to   space 512K,   0% used [0x00000000f0a50000, 0x00000000f0a50000, 0x00000000f0ad0000)
 tenured generation   total 10944K, used 2246K [0x00000000f5950000, 0x00000000f6400000, 0x0000000100000000)
   the space 10944K,  20% used [0x00000000f5950000, 0x00000000f5b81888, 0x00000000f5b81a00, 0x00000000f6400000)
 Metaspace       used 8577K, capacity 8662K, committed 8704K, reserved 1056768K
  class space    used 956K, capacity 983K, committed 1024K, reserved 1048576K
GC Heap History (10 events):
Event: 0.911 GC heap before
{Heap before GC invocations=2 (full 0):
 def new generation   total 4928K, used 4927K [0x00000000f0600000, 0x00000000f0b50000, 0x00000000f5950000)
  eden space 4416K, 100% used [0x00000000f0600000, 0x00000000f0a50000, 0x00000000f0a50000)
  from space 512K,  99% used [0x00000000f0a50000, 0x00000000f0acfff8, 0x00000000f0ad0000)
  to   space 512K,   0% used [0x00000000f0ad0000, 0x00000000f0ad0000, 0x00000000f0b50000)
 tenured generation   total 10944K, used 1088K [0x00000000f5950000, 0x00000000f6400000, 0x0000000100000000)
   the space 10944K,   9% used [0x00000000f5950000, 0x00000000f5a60058, 0x00000000f5a60200, 0x00000000f6400000)
 Metaspace       used 5100K, capacity 5478K, committed 5760K, reserved 1056768K
  class space    used 543K, capacity 567K, committed 640K, reserved 1048576K
Event: 0.913 GC heap after
Heap after GC invocations=3 (full 0):
 def new generation   total 4928K, used 494K [0x00000000f0600000, 0x00000000f0b50000, 0x00000000f5950000)
  eden space 4416K,   0% used [0x00000000f0600000, 0x00000000f0600000, 0x00000000f0a50000)
  from space 512K,  96% used [0x00000000f0ad0000, 0x00000000f0b4b9e0, 0x00000000f0b50000)
  to   space 512K,   0% used [0x00000000f0a50000, 0x00000000f0a50000, 0x00000000f0ad0000)
 tenured generation   total 10944K, used 1504K [0x00000000f5950000, 0x00000000f6400000, 0x0000000100000000)
   the space 10944K,  13% used [0x00000000f5950000, 0x00000000f5ac8188, 0x00000000f5ac8200, 0x00000000f6400000)
 Metaspace       used 5100K, capacity 5478K, committed 5760K, reserved 1056768K
  class space    used 543K, capacity 567K, committed 640K, reserved 1048576K
}
Event: 1.087 GC heap before
{Heap before GC invocations=3 (full 0):
 def new generation   total 4928K, used 4906K [0x00000000f0600000, 0x00000000f0b50000, 0x00000000f5950000)
  eden space 4416K,  99% used [0x00000000f0600000, 0x00000000f0a4f120, 0x00000000f0a50000)
  from space 512K,  96% used [0x00000000f0ad0000, 0x00000000f0b4b9e0, 0x00000000f0b50000)
  to   space 512K,   0% used [0x00000000f0a50000, 0x00000000f0a50000, 0x00000000f0ad0000)
 tenured generation   total 10944K, used 1504K [0x00000000f5950000, 0x00000000f6400000, 0x0000000100000000)
   the space 10944K,  13% used [0x00000000f5950000, 0x00000000f5ac8188, 0x00000000f5ac8200, 0x00000000f6400000)
 Metaspace       used 6233K, capacity 6390K, committed 6656K, reserved 1056768K
  class space    used 659K, capacity 695K, committed 768K, reserved 1048576K
Event: 1.089 GC heap after
Heap after GC invocations=4 (full 0):
 def new generation   total 4928K, used 419K [0x00000000f0600000, 0x00000000f0b50000, 0x00000000f5950000)
  eden space 4416K,   0% used [0x00000000f0600000, 0x00000000f0600000, 0x00000000f0a50000)
  from space 512K,  82% used [0x00000000f0a50000, 0x00000000f0ab8f88, 0x00000000f0ad0000)
  to   space 512K,   0% used [0x00000000f0ad0000, 0x00000000f0ad0000, 0x00000000f0b50000)
 tenured generation   total 10944K, used 1630K [0x00000000f5950000, 0x00000000f6400000, 0x0000000100000000)
   the space 10944K,  14% used [0x00000000f5950000, 0x00000000f5ae7b80, 0x00000000f5ae7c00, 0x00000000f6400000)
 Metaspace       used 6233K, capacity 6390K, committed 6656K, reserved 1056768K
  class space    used 659K, capacity 695K, committed 768K, reserved 1048576K
}
Event: 1.192 GC heap before
{Heap before GC invocations=4 (full 0):
 def new generation   total 4928K, used 4835K [0x00000000f0600000, 0x00000000f0b50000, 0x00000000f5950000)
  eden space 4416K, 100% used [0x00000000f0600000, 0x00000000f0a50000, 0x00000000f0a50000)
  from space 512K,  82% used [0x00000000f0a50000, 0x00000000f0ab8f88, 0x00000000f0ad0000)
  to   space 512K,   0% used [0x00000000f0ad0000, 0x00000000f0ad0000, 0x00000000f0b50000)
 tenured generation   total 10944K, used 1630K [0x00000000f5950000, 0x00000000f6400000, 0x0000000100000000)
   the space 10944K,  14% used [0x00000000f5950000, 0x00000000f5ae7b80, 0x00000000f5ae7c00, 0x00000000f6400000)
 Metaspace       used 6583K, capacity 6774K, committed 6912K, reserved 1056768K
  class space    used 705K, capacity 759K, committed 768K, reserved 1048576K
Event: 1.198 GC heap after
Heap after GC invocations=5 (full 0):
 def new generation   total 4928K, used 292K [0x00000000f0600000, 0x00000000f0b50000, 0x00000000f5950000)
  eden space 4416K,   0% used [0x00000000f0600000, 0x00000000f0600000, 0x00000000f0a50000)
  from space 512K,  57% used [0x00000000f0ad0000, 0x00000000f0b19280, 0x00000000f0b50000)
  to   space 512K,   0% used [0x00000000f0a50000, 0x00000000f0a50000, 0x00000000f0ad0000)
 tenured generation   total 10944K, used 2020K [0x00000000f5950000, 0x00000000f6400000, 0x0000000100000000)
   the space 10944K,  18% used [0x00000000f5950000, 0x00000000f5b492c0, 0x00000000f5b49400, 0x00000000f6400000)
 Metaspace       used 6583K, capacity 6774K, committed 6912K, reserved 1056768K
  class space    used 705K, capacity 759K, committed 768K, reserved 1048576K
}
Event: 1.366 GC heap before
{Heap before GC invocations=5 (full 0):
 def new generation   total 4928K, used 4708K [0x00000000f0600000, 0x00000000f0b50000, 0x00000000f5950000)
  eden space 4416K, 100% used [0x00000000f0600000, 0x00000000f0a50000, 0x00000000f0a50000)
  from space 512K,  57% used [0x00000000f0ad0000, 0x00000000f0b19280, 0x00000000f0b50000)
  to   space 512K,   0% used [0x00000000f0a50000, 0x00000000f0a50000, 0x00000000f0ad0000)
 tenured generation   total 10944K, used 2020K [0x00000000f5950000, 0x00000000f6400000, 0x0000000100000000)
   the space 10944K,  18% used [0x00000000f5950000, 0x00000000f5b492c0, 0x00000000f5b49400, 0x00000000f6400000)
 Metaspace       used 7185K, capacity 7318K, committed 7552K, reserved 1056768K
  class space    used 773K, capacity 791K, committed 896K, reserved 1048576K
Event: 1.378 GC heap after
Heap after GC invocations=6 (full 0):
 def new generation   total 4928K, used 512K [0x00000000f0600000, 0x00000000f0b50000, 0x00000000f5950000)
  eden space 4416K,   0% used [0x00000000f0600000, 0x00000000f0600000, 0x00000000f0a50000)
  from space 512K, 100% used [0x00000000f0a50000, 0x00000000f0ad0000, 0x00000000f0ad0000)
  to   space 512K,   0% used [0x00000000f0ad0000, 0x00000000f0ad0000, 0x00000000f0b50000)
 tenured generation   total 10944K, used 2122K [0x00000000f5950000, 0x00000000f6400000, 0x0000000100000000)
   the space 10944K,  19% used [0x00000000f5950000, 0x00000000f5b62a60, 0x00000000f5b62c00, 0x00000000f6400000)
 Metaspace       used 7185K, capacity 7318K, committed 7552K, reserved 1056768K
  class space    used 773K, capacity 791K, committed 896K, reserved 1048576K
}
Event: 1.486 GC heap before
{Heap before GC invocations=6 (full 0):
 def new generation   total 4928K, used 4928K [0x00000000f0600000, 0x00000000f0b50000, 0x00000000f5950000)
  eden space 4416K, 100% used [0x00000000f0600000, 0x00000000f0a50000, 0x00000000f0a50000)
  from space 512K, 100% used [0x00000000f0a50000, 0x00000000f0ad0000, 0x00000000f0ad0000)
  to   space 512K,   0% used [0x00000000f0ad0000, 0x00000000f0ad0000, 0x00000000f0b50000)
 tenured generation   total 10944K, used 2122K [0x00000000f5950000, 0x00000000f6400000, 0x0000000100000000)
   the space 10944K,  19% used [0x00000000f5950000, 0x00000000f5b62a60, 0x00000000f5b62c00, 0x00000000f6400000)
 Metaspace       used 7680K, capacity 7798K, committed 7808K, reserved 1056768K
  class space    used 844K, capacity 887K, committed 896K, reserved 1048576K
Event: 1.494 GC heap after
Heap after GC invocations=7 (full 0):
 def new generation   total 4928K, used 480K [0x00000000f0600000, 0x00000000f0b50000, 0x00000000f5950000)
  eden space 4416K,   0% used [0x00000000f0600000, 0x00000000f0600000, 0x00000000f0a50000)
  from space 512K,  93% used [0x00000000f0ad0000, 0x00000000f0b48048, 0x00000000f0b50000)
  to   space 512K,   0% used [0x00000000f0a50000, 0x00000000f0a50000, 0x00000000f0ad0000)
 tenured generation   total 10944K, used 2246K [0x00000000f5950000, 0x00000000f6400000, 0x0000000100000000)
   the space 10944K,  20% used [0x00000000f5950000, 0x00000000f5b81888, 0x00000000f5b81a00, 0x00000000f6400000)
 Metaspace       used 7680K, capacity 7798K, committed 7808K, reserved 1056768K
  class space    used 844K, capacity 887K, committed 896K, reserved 1048576K
}

